Flow report for ULAula
Sun Feb 08 18:42:52 2026
Quartus II 32-bit Version 13.0.1 Build 232 06/12/2013 Service Pack 1 SJ Web Edition


---------------------
; Table of Contents ;
---------------------
  1. Legal Notice
  2. Flow Summary
  3. Flow Settings
  4. Flow Non-Default Global Settings
  5. Flow Elapsed Time
  6. Flow OS Summary
  7. Flow Log
  8. Flow Messages
  9. Flow Suppressed Messages



----------------
; Legal Notice ;
----------------
Copyright (C) 1991-2013 Altera Corporation
Your use of Altera Corporation's design tools, logic functions 
and other software and tools, and its AMPP partner logic 
functions, and any output files from any of the foregoing 
(including device programming or simulation files), and any 
associated documentation or information are expressly subject 
to the terms and conditions of the Altera Program License 
Subscription Agreement, Altera MegaCore Function License 
Agreement, or other applicable license agreement, including, 
without limitation, that your use is for the sole purpose of 
programming logic devices manufactured by Altera and sold by 
Altera or its authorized distributors.  Please refer to the 
applicable agreement for further details.



+---------------------------------------------------------------------------------------+
; Flow Summary                                                                          ;
+-------------------------------------+-------------------------------------------------+
; Flow Status                         ; Successful - Sun Feb 08 18:42:52 2026           ;
; Quartus II 32-bit Version           ; 13.0.1 Build 232 06/12/2013 SP 1 SJ Web Edition ;
; Revision Name                       ; ULAula                                          ;
; Top-level Entity Name               ; ULAula                                          ;
; Family                              ; Cyclone V                                       ;
; Device                              ; 5CGXFC7C7F23C8                                  ;
; Timing Models                       ; Final                                           ;
; Logic utilization (in ALMs)         ; 43 / 56,480 ( < 1 % )                           ;
; Total registers                     ; 0                                               ;
; Total pins                          ; 25 / 268 ( 9 % )                                ;
; Total virtual pins                  ; 0                                               ;
; Total block memory bits             ; 0 / 7,024,640 ( 0 % )                           ;
; Total DSP Blocks                    ; 0 / 156 ( 0 % )                                 ;
; Total HSSI RX PCSs                  ; 0 / 6 ( 0 % )                                   ;
; Total HSSI PMA RX Deserializers     ; 0 / 6 ( 0 % )                                   ;
; Total HSSI PMA RX ATT Deserializers ; 0                                               ;
; Total HSSI TX PCSs                  ; 0 / 6 ( 0 % )                                   ;
; Total HSSI PMA TX Serializers       ; 0 / 6 ( 0 % )                                   ;
; Total HSSI PMA TX ATT Serializers   ; 0 / 6 ( 0 % )                                   ;
; Total PLLs                          ; 0 / 13 ( 0 % )                                  ;
; Total DLLs                          ; 0 / 4 ( 0 % )                                   ;
+-------------------------------------+-------------------------------------------------+


+-----------------------------------------+
; Flow Settings                           ;
+-------------------+---------------------+
; Option            ; Setting             ;
+-------------------+---------------------+
; Start date & time ; 02/08/2026 18:27:10 ;
; Main task         ; Compilation         ;
; Revision Name     ; ULAula              ;
+-------------------+---------------------+


+-----------------------------------------------------------------------------------------------------------------------------------------+
; Flow Non-Default Global Settings                                                                                                        ;
+-------------------------------------+---------------------------------+---------------+-------------+-----------------------------------+
; Assignment Name                     ; Value                           ; Default Value ; Entity Name ; Section Id                        ;
+-------------------------------------+---------------------------------+---------------+-------------+-----------------------------------+
; COMPILER_SIGNATURE_ID               ; 198208559261040.177058603016464 ; --            ; --          ; --                                ;
; EDA_GENERATE_FUNCTIONAL_NETLIST     ; Off                             ; --            ; --          ; eda_board_design_timing           ;
; EDA_GENERATE_FUNCTIONAL_NETLIST     ; Off                             ; --            ; --          ; eda_board_design_symbol           ;
; EDA_GENERATE_FUNCTIONAL_NETLIST     ; Off                             ; --            ; --          ; eda_board_design_signal_integrity ;
; EDA_GENERATE_FUNCTIONAL_NETLIST     ; Off                             ; --            ; --          ; eda_board_design_boundary_scan    ;
; EDA_GENERATE_FUNCTIONAL_NETLIST     ; On                              ; --            ; --          ; eda_simulation                    ;
; EDA_OUTPUT_DATA_FORMAT              ; Verilog Hdl                     ; --            ; --          ; eda_simulation                    ;
; EDA_SIMULATION_TOOL                 ; ModelSim-Altera (Verilog)       ; <None>        ; --          ; --                                ;
; PARTITION_COLOR                     ; 16764057                        ; --            ; --          ; Top                               ;
; PARTITION_FITTER_PRESERVATION_LEVEL ; PLACEMENT_AND_ROUTING           ; --            ; --          ; Top                               ;
; PARTITION_NETLIST_TYPE              ; SOURCE                          ; --            ; --          ; Top                               ;
; PROJECT_OUTPUT_DIRECTORY            ; output_files                    ; --            ; --          ; --                                ;
+-------------------------------------+---------------------------------+---------------+-------------+-----------------------------------+


+-------------------------------------------------------------------------------------------------------------------------------+
; Flow Elapsed Time                                                                                                             ;
+---------------------------+--------------+-------------------------+---------------------+------------------------------------+
; Module Name               ; Elapsed Time ; Average Processors Used ; Peak Virtual Memory ; Total CPU Time (on all processors) ;
+---------------------------+--------------+-------------------------+---------------------+------------------------------------+
; Analysis & Synthesis      ; 00:00:01     ; 1.0                     ; 396 MB              ; 00:00:01                           ;
; Fitter                    ; 00:01:01     ; 1.0                     ; 1351 MB             ; 00:01:01                           ;
; Assembler                 ; 00:00:11     ; 1.0                     ; 513 MB              ; 00:00:11                           ;
; TimeQuest Timing Analyzer ; 00:00:08     ; 1.0                     ; 818 MB              ; 00:00:08                           ;
; EDA Netlist Writer        ; 00:00:01     ; 1.0                     ; 373 MB              ; 00:00:01                           ;
; EDA Netlist Writer        ; 00:00:01     ; 1.0                     ; 364 MB              ; 00:00:01                           ;
; EDA Netlist Writer        ; 00:00:01     ; 1.0                     ; 382 MB              ; 00:00:01                           ;
; EDA Netlist Writer        ; 00:00:01     ; 1.0                     ; 364 MB              ; 00:00:01                           ;
; EDA Netlist Writer        ; 00:00:01     ; 1.0                     ; 382 MB              ; 00:00:01                           ;
; Total                     ; 00:01:26     ; --                      ; --                  ; 00:01:26                           ;
+---------------------------+--------------+-------------------------+---------------------+------------------------------------+


+----------------------------------------------------------------------------------------+
; Flow OS Summary                                                                        ;
+---------------------------+------------------+-----------+------------+----------------+
; Module Name               ; Machine Hostname ; OS Name   ; OS Version ; Processor type ;
+---------------------------+------------------+-----------+------------+----------------+
; Analysis & Synthesis      ; LAIS-PC          ; Windows 7 ; 6.2        ; x86_64         ;
; Fitter                    ; LAIS-PC          ; Windows 7 ; 6.2        ; x86_64         ;
; Assembler                 ; LAIS-PC          ; Windows 7 ; 6.2        ; x86_64         ;
; TimeQuest Timing Analyzer ; LAIS-PC          ; Windows 7 ; 6.2        ; x86_64         ;
; EDA Netlist Writer        ; LAIS-PC          ; Windows 7 ; 6.2        ; x86_64         ;
; EDA Netlist Writer        ; LAIS-PC          ; Windows 7 ; 6.2        ; x86_64         ;
; EDA Netlist Writer        ; LAIS-PC          ; Windows 7 ; 6.2        ; x86_64         ;
; EDA Netlist Writer        ; LAIS-PC          ; Windows 7 ; 6.2        ; x86_64         ;
; EDA Netlist Writer        ; LAIS-PC          ; Windows 7 ; 6.2        ; x86_64         ;
+---------------------------+------------------+-----------+------------+----------------+


------------
; Flow Log ;
------------
quartus_map --read_settings_files=on --write_settings_files=off ULAula -c ULAula
quartus_fit --read_settings_files=off --write_settings_files=off ULAula -c ULAula
quartus_asm --read_settings_files=off --write_settings_files=off ULAula -c ULAula
quartus_sta ULAula -c ULAula
quartus_eda --read_settings_files=off --write_settings_files=off ULAula -c ULAula
quartus_eda --gen_testbench --check_outputs=on --tool=modelsim_oem --format=verilog ULAula -c ULAula --vector_source=C:/Users/Laisv/Downloads/ULAula/ULAula/Waveform.vwf --testbench_file=./simulation/qsim/ULAula.vt
quartus_eda --functional=on --simulation=on --tool=modelsim_oem --format=verilog ULAula -c ULAula
quartus_eda --gen_testbench --check_outputs=on --tool=modelsim_oem --format=verilog ULAula -c ULAula --vector_source=C:/Users/Laisv/Downloads/ULAula/ULAula/Waveform.vwf --testbench_file=./simulation/qsim/ULAula.vt
quartus_eda --functional=on --simulation=on --tool=modelsim_oem --format=verilog ULAula -c ULAula



